# JRE version: Java(TM) SE Runtime Environment (8.0_121-b13) (build 1.8.0_121-b13)
# Java VM: Java HotSpot(TM) 64-Bit Server VM (25.121-b13 mixed mode windows-amd64 compressed oops)
Heap:
 PSYoungGen      total 135680K, used 75580K [0x00000000eab00000, 0x00000000f3500000, 0x0000000100000000)
  eden space 130048K, 58% used [0x00000000eab00000,0x00000000ef4cf0b0,0x00000000f2a00000)
  from space 5632K, 0% used [0x00000000f2f80000,0x00000000f2f80000,0x00000000f3500000)
  to   space 5632K, 0% used [0x00000000f2a00000,0x00000000f2a00000,0x00000000f2f80000)
 ParOldGen       total 32768K, used 7259K [0x00000000c0000000, 0x00000000c2000000, 0x00000000eab00000)
  object space 32768K, 22% used [0x00000000c0000000,0x00000000c0716f78,0x00000000c2000000)
 Metaspace       used 20621K, capacity 21482K, committed 21552K, reserved 1069056K
  class space    used 2659K, capacity 2859K, committed 2864K, reserved 1048576K
GC Heap History (10 events):
Event: 2.264 GC heap before
{Heap before GC invocations=5 (full 0):
 PSYoungGen      total 35328K, used 35312K [0x00000000eab00000, 0x00000000ed000000, 0x0000000100000000)
  eden space 32768K, 100% used [0x00000000eab00000,0x00000000ecb00000,0x00000000ecb00000)
  from space 2560K, 99% used [0x00000000ecd80000,0x00000000ecffc010,0x00000000ed000000)
  to   space 2560K, 0% used [0x00000000ecb00000,0x00000000ecb00000,0x00000000ecd80000)
 ParOldGen       total 44032K, used 2888K [0x00000000c0000000, 0x00000000c2b00000, 0x00000000eab00000)
  object space 44032K, 6% used [0x00000000c0000000,0x00000000c02d2290,0x00000000c2b00000)
 Metaspace       used 15982K, capacity 16582K, committed 16768K, reserved 1064960K
  class space    used 1983K, capacity 2143K, committed 2176K, reserved 1048576K
Event: 2.275 GC heap after
Heap after GC invocations=5 (full 0):
 PSYoungGen      total 35328K, used 2560K [0x00000000eab00000, 0x00000000ef500000, 0x0000000100000000)
  eden space 32768K, 0% used [0x00000000eab00000,0x00000000eab00000,0x00000000ecb00000)
  from space 2560K, 100% used [0x00000000ecb00000,0x00000000ecd80000,0x00000000ecd80000)
  to   space 5120K, 0% used [0x00000000ef000000,0x00000000ef000000,0x00000000ef500000)
 ParOldGen       total 44032K, used 5065K [0x00000000c0000000, 0x00000000c2b00000, 0x00000000eab00000)
  object space 44032K, 11% used [0x00000000c0000000,0x00000000c04f27d8,0x00000000c2b00000)
 Metaspace       used 15982K, capacity 16582K, committed 16768K, reserved 1064960K
  class space    used 1983K, capacity 2143K, committed 2176K, reserved 1048576K
}
Event: 2.676 GC heap before
{Heap before GC invocations=6 (full 0):
 PSYoungGen      total 35328K, used 35328K [0x00000000eab00000, 0x00000000ef500000, 0x0000000100000000)
  eden space 32768K, 100% used [0x00000000eab00000,0x00000000ecb00000,0x00000000ecb00000)
  from space 2560K, 100% used [0x00000000ecb00000,0x00000000ecd80000,0x00000000ecd80000)
  to   space 5120K, 0% used [0x00000000ef000000,0x00000000ef000000,0x00000000ef500000)
 ParOldGen       total 44032K, used 5065K [0x00000000c0000000, 0x00000000c2b00000, 0x00000000eab00000)
  object space 44032K, 11% used [0x00000000c0000000,0x00000000c04f27d8,0x00000000c2b00000)
 Metaspace       used 17946K, capacity 18556K, committed 18688K, reserved 1064960K
  class space    used 2286K, capacity 2448K, committed 2560K, reserved 1048576K
Event: 2.692 GC heap after
Heap after GC invocations=6 (full 0):
 PSYoungGen      total 70144K, used 4947K [0x00000000eab00000, 0x00000000ef600000, 0x0000000100000000)
  eden space 65024K, 0% used [0x00000000eab00000,0x00000000eab00000,0x00000000eea80000)
  from space 5120K, 96% used [0x00000000ef000000,0x00000000ef4d4ed0,0x00000000ef500000)
  to   space 5632K, 0% used [0x00000000eea80000,0x00000000eea80000,0x00000000ef000000)
 ParOldGen       total 44032K, used 5073K [0x00000000c0000000, 0x00000000c2b00000, 0x00000000eab00000)
  object space 44032K, 11% used [0x00000000c0000000,0x00000000c04f47d8,0x00000000c2b00000)
 Metaspace       used 17946K, capacity 18556K, committed 18688K, reserved 1064960K
  class space    used 2286K, capacity 2448K, committed 2560K, reserved 1048576K
}
Event: 3.151 GC heap before
{Heap before GC invocations=7 (full 0):
 PSYoungGen      total 70144K, used 69971K [0x00000000eab00000, 0x00000000ef600000, 0x0000000100000000)
  eden space 65024K, 100% used [0x00000000eab00000,0x00000000eea80000,0x00000000eea80000)
  from space 5120K, 96% used [0x00000000ef000000,0x00000000ef4d4ed0,0x00000000ef500000)
  to   space 5632K, 0% used [0x00000000eea80000,0x00000000eea80000,0x00000000ef000000)
 ParOldGen       total 44032K, used 5073K [0x00000000c0000000, 0x00000000c2b00000, 0x00000000eab00000)
  object space 44032K, 11% used [0x00000000c0000000,0x00000000c04f47d8,0x00000000c2b00000)
 Metaspace       used 19556K, capacity 20322K, committed 20480K, reserved 1067008K
  class space    used 2509K, capacity 2721K, committed 2816K, reserved 1048576K
Event: 3.163 GC heap after
Heap after GC invocations=7 (full 0):
 PSYoungGen      total 70656K, used 4145K [0x00000000eab00000, 0x00000000f3500000, 0x0000000100000000)
  eden space 65024K, 0% used [0x00000000eab00000,0x00000000eab00000,0x00000000eea80000)
  from space 5632K, 73% used [0x00000000eea80000,0x00000000eee8c500,0x00000000ef000000)
  to   space 5632K, 0% used [0x00000000f2f80000,0x00000000f2f80000,0x00000000f3500000)
 ParOldGen       total 44032K, used 6522K [0x00000000c0000000, 0x00000000c2b00000, 0x00000000eab00000)
  object space 44032K, 14% used [0x00000000c0000000,0x00000000c065e840,0x00000000c2b00000)
 Metaspace       used 19556K, capacity 20322K, committed 20480K, reserved 1067008K
  class space    used 2509K, capacity 2721K, committed 2816K, reserved 1048576K
}
Event: 3.570 GC heap before
{Heap before GC invocations=8 (full 0):
 PSYoungGen      total 70656K, used 44583K [0x00000000eab00000, 0x00000000f3500000, 0x0000000100000000)
  eden space 65024K, 62% used [0x00000000eab00000,0x00000000ed27d9f8,0x00000000eea80000)
  from space 5632K, 73% used [0x00000000eea80000,0x00000000eee8c500,0x00000000ef000000)
  to   space 5632K, 0% used [0x00000000f2f80000,0x00000000f2f80000,0x00000000f3500000)
 ParOldGen       total 44032K, used 6522K [0x00000000c0000000, 0x00000000c2b00000, 0x00000000eab00000)
  object space 44032K, 14% used [0x00000000c0000000,0x00000000c065e840,0x00000000c2b00000)
 Metaspace       used 20431K, capacity 21242K, committed 21296K, reserved 1067008K
  class space    used 2623K, capacity 2847K, committed 2864K, reserved 1048576K
Event: 3.581 GC heap after
Heap after GC invocations=8 (full 0):
 PSYoungGen      total 135680K, used 4263K [0x00000000eab00000, 0x00000000f3500000, 0x0000000100000000)
  eden space 130048K, 0% used [0x00000000eab00000,0x00000000eab00000,0x00000000f2a00000)
  from space 5632K, 75% used [0x00000000f2f80000,0x00000000f33a9cc0,0x00000000f3500000)
  to   space 5632K, 0% used [0x00000000f2a00000,0x00000000f2a00000,0x00000000f2f80000)
 ParOldGen       total 44032K, used 7161K [0x00000000c0000000, 0x00000000c2b00000, 0x00000000eab00000)
  object space 44032K, 16% used [0x00000000c0000000,0x00000000c06fe6a0,0x00000000c2b00000)
 Metaspace       used 20431K, capacity 21242K, committed 21296K, reserved 1067008K
  class space    used 2623K, capacity 2847K, committed 2864K, reserved 1048576K
}
Event: 3.581 GC heap before
{Heap before GC invocations=9 (full 1):
 PSYoungGen      total 135680K, used 4263K [0x00000000eab00000, 0x00000000f3500000, 0x0000000100000000)
  eden space 130048K, 0% used [0x00000000eab00000,0x00000000eab00000,0x00000000f2a00000)
  from space 5632K, 75% used [0x00000000f2f80000,0x00000000f33a9cc0,0x00000000f3500000)
  to   space 5632K, 0% used [0x00000000f2a00000,0x00000000f2a00000,0x00000000f2f80000)
 ParOldGen       total 44032K, used 7161K [0x00000000c0000000, 0x00000000c2b00000, 0x00000000eab00000)
  object space 44032K, 16% used [0x00000000c0000000,0x00000000c06fe6a0,0x00000000c2b00000)
 Metaspace       used 20431K, capacity 21242K, committed 21296K, reserved 1067008K
  class space    used 2623K, capacity 2847K, committed 2864K, reserved 1048576K
Event: 3.652 GC heap after
Heap after GC invocations=9 (full 1):
 PSYoungGen      total 135680K, used 0K [0x00000000eab00000, 0x00000000f3500000, 0x0000000100000000)
  eden space 130048K, 0% used [0x00000000eab00000,0x00000000eab00000,0x00000000f2a00000)
  from space 5632K, 0% used [0x00000000f2f80000,0x00000000f2f80000,0x00000000f3500000)
  to   space 5632K, 0% used [0x00000000f2a00000,0x00000000f2a00000,0x00000000f2f80000)
 ParOldGen       total 32768K, used 7259K [0x00000000c0000000, 0x00000000c2000000, 0x00000000eab00000)
  object space 32768K, 22% used [0x00000000c0000000,0x00000000c0716f78,0x00000000c2000000)
 Metaspace       used 20430K, capacity 21236K, committed 21296K, reserved 1067008K
  class space    used 2622K, capacity 2846K, committed 2864K, reserved 1048576K
}

